# JRE version: Java(TM) SE Runtime Environment (8.0_40-b25) (build 1.8.0_40-b25)
# Java VM: Java HotSpot(TM) Client VM (25.40-b25 mixed mode, sharing windows-x86 )
Heap:
 def new generation   total 35456K, used 14650K [0x04600000, 0x06c70000, 0x09b50000)
  eden space 31552K,  34% used [0x04600000, 0x0507ea50, 0x064d0000)
  from space 3904K,  99% used [0x064d0000, 0x0689fff8, 0x068a0000)
  to   space 3904K,   0% used [0x068a0000, 0x068a0000, 0x06c70000)
 tenured generation   total 78588K, used 69079K [0x09b50000, 0x0e80f000, 0x14600000)
   the space 78588K,  87% used [0x09b50000, 0x0dec5de0, 0x0dec5e00, 0x0e80f000)
 Metaspace       used 2260K, capacity 4057K, committed 4160K, reserved 4480K
GC Heap History (10 events):
Event: 175.571 GC heap before
{Heap before GC invocations=127 (full 10):
 def new generation   total 35456K, used 35455K [0x04600000, 0x06c70000, 0x09b50000)
  eden space 31552K, 100% used [0x04600000, 0x064d0000, 0x064d0000)
  from space 3904K,  99% used [0x068a0000, 0x06c6fff8, 0x06c70000)
  to   space 3904K,   0% used [0x064d0000, 0x064d0000, 0x068a0000)
 tenured generation   total 78588K, used 62213K [0x09b50000, 0x0e80f000, 0x14600000)
   the space 78588K,  79% used [0x09b50000, 0x0d8115e8, 0x0d811600, 0x0e80f000)
 Metaspace       used 2260K, capacity 4057K, committed 4160K, reserved 4480K
Event: 175.575 GC heap after
Heap after GC invocations=128 (full 10):
 def new generation   total 35456K, used 3903K [0x04600000, 0x06c70000, 0x09b50000)
  eden space 31552K,   0% used [0x04600000, 0x04600000, 0x064d0000)
  from space 3904K,  99% used [0x064d0000, 0x0689fff8, 0x068a0000)
  to   space 3904K,   0% used [0x068a0000, 0x068a0000, 0x06c70000)
 tenured generation   total 78588K, used 63595K [0x09b50000, 0x0e80f000, 0x14600000)
   the space 78588K,  80% used [0x09b50000, 0x0d96af68, 0x0d96b000, 0x0e80f000)
 Metaspace       used 2260K, capacity 4057K, committed 4160K, reserved 4480K
}
Event: 176.885 GC heap before
{Heap before GC invocations=128 (full 10):
 def new generation   total 35456K, used 35455K [0x04600000, 0x06c70000, 0x09b50000)
  eden space 31552K, 100% used [0x04600000, 0x064d0000, 0x064d0000)
  from space 3904K,  99% used [0x064d0000, 0x0689fff8, 0x068a0000)
  to   space 3904K,   0% used [0x068a0000, 0x068a0000, 0x06c70000)
 tenured generation   total 78588K, used 63595K [0x09b50000, 0x0e80f000, 0x14600000)
   the space 78588K,  80% used [0x09b50000, 0x0d96af68, 0x0d96b000, 0x0e80f000)
 Metaspace       used 2260K, capacity 4057K, committed 4160K, reserved 4480K
Event: 176.889 GC heap after
Heap after GC invocations=129 (full 10):
 def new generation   total 35456K, used 3903K [0x04600000, 0x06c70000, 0x09b50000)
  eden space 31552K,   0% used [0x04600000, 0x04600000, 0x064d0000)
  from space 3904K,  99% used [0x068a0000, 0x06c6fff8, 0x06c70000)
  to   space 3904K,   0% used [0x064d0000, 0x064d0000, 0x068a0000)
 tenured generation   total 78588K, used 64961K [0x09b50000, 0x0e80f000, 0x14600000)
   the space 78588K,  82% used [0x09b50000, 0x0dac0738, 0x0dac0800, 0x0e80f000)
 Metaspace       used 2260K, capacity 4057K, committed 4160K, reserved 4480K
}
Event: 178.186 GC heap before
{Heap before GC invocations=129 (full 10):
 def new generation   total 35456K, used 35455K [0x04600000, 0x06c70000, 0x09b50000)
  eden space 31552K, 100% used [0x04600000, 0x064d0000, 0x064d0000)
  from space 3904K,  99% used [0x068a0000, 0x06c6fff8, 0x06c70000)
  to   space 3904K,   0% used [0x064d0000, 0x064d0000, 0x068a0000)
 tenured generation   total 78588K, used 64961K [0x09b50000, 0x0e80f000, 0x14600000)
   the space 78588K,  82% used [0x09b50000, 0x0dac0738, 0x0dac0800, 0x0e80f000)
 Metaspace       used 2260K, capacity 4057K, committed 4160K, reserved 4480K
Event: 178.190 GC heap after
Heap after GC invocations=130 (full 10):
 def new generation   total 35456K, used 3904K [0x04600000, 0x06c70000, 0x09b50000)
  eden space 31552K,   0% used [0x04600000, 0x04600000, 0x064d0000)
  from space 3904K, 100% used [0x064d0000, 0x068a0000, 0x068a0000)
  to   space 3904K,   0% used [0x068a0000, 0x068a0000, 0x06c70000)
 tenured generation   total 78588K, used 66289K [0x09b50000, 0x0e80f000, 0x14600000)
   the space 78588K,  84% used [0x09b50000, 0x0dc0c4b0, 0x0dc0c600, 0x0e80f000)
 Metaspace       used 2260K, capacity 4057K, committed 4160K, reserved 4480K
}
Event: 179.518 GC heap before
{Heap before GC invocations=130 (full 10):
 def new generation   total 35456K, used 35456K [0x04600000, 0x06c70000, 0x09b50000)
  eden space 31552K, 100% used [0x04600000, 0x064d0000, 0x064d0000)
  from space 3904K, 100% used [0x064d0000, 0x068a0000, 0x068a0000)
  to   space 3904K,   0% used [0x068a0000, 0x068a0000, 0x06c70000)
 tenured generation   total 78588K, used 66289K [0x09b50000, 0x0e80f000, 0x14600000)
   the space 78588K,  84% used [0x09b50000, 0x0dc0c4b0, 0x0dc0c600, 0x0e80f000)
 Metaspace       used 2260K, capacity 4057K, committed 4160K, reserved 4480K
Event: 179.522 GC heap after
Heap after GC invocations=131 (full 10):
 def new generation   total 35456K, used 3904K [0x04600000, 0x06c70000, 0x09b50000)
  eden space 31552K,   0% used [0x04600000, 0x04600000, 0x064d0000)
  from space 3904K, 100% used [0x068a0000, 0x06c70000, 0x06c70000)
  to   space 3904K,   0% used [0x064d0000, 0x064d0000, 0x068a0000)
 tenured generation   total 78588K, used 67664K [0x09b50000, 0x0e80f000, 0x14600000)
   the space 78588K,  86% used [0x09b50000, 0x0dd643f8, 0x0dd64400, 0x0e80f000)
 Metaspace       used 2260K, capacity 4057K, committed 4160K, reserved 4480K
}
Event: 180.886 GC heap before
{Heap before GC invocations=131 (full 10):
 def new generation   total 35456K, used 35456K [0x04600000, 0x06c70000, 0x09b50000)
  eden space 31552K, 100% used [0x04600000, 0x064d0000, 0x064d0000)
  from space 3904K, 100% used [0x068a0000, 0x06c70000, 0x06c70000)
  to   space 3904K,   0% used [0x064d0000, 0x064d0000, 0x068a0000)
 tenured generation   total 78588K, used 67664K [0x09b50000, 0x0e80f000, 0x14600000)
   the space 78588K,  86% used [0x09b50000, 0x0dd643f8, 0x0dd64400, 0x0e80f000)
 Metaspace       used 2260K, capacity 4057K, committed 4160K, reserved 4480K
Event: 180.891 GC heap after
Heap after GC invocations=132 (full 10):
 def new generation   total 35456K, used 3903K [0x04600000, 0x06c70000, 0x09b50000)
  eden space 31552K,   0% used [0x04600000, 0x04600000, 0x064d0000)
  from space 3904K,  99% used [0x064d0000, 0x0689fff8, 0x068a0000)
  to   space 3904K,   0% used [0x068a0000, 0x068a0000, 0x06c70000)
 tenured generation   total 78588K, used 69079K [0x09b50000, 0x0e80f000, 0x14600000)
   the space 78588K,  87% used [0x09b50000, 0x0dec5de0, 0x0dec5e00, 0x0e80f000)
 Metaspace       used 2260K, capacity 4057K, committed 4160K, reserved 4480K
}

